<?xml version="1.0" encoding="utf-8"?><testsuites name="pytest tests"><testsuite name="pytest" errors="0" failures="0" skipped="0" tests="24" time="0.765" timestamp="2026-02-18T18:35:30.249382+00:00" hostname="agent-env-139060d6-8277-40be-bdc1-59799b710e14"><testcase classname="tests.test_orders_payments_v2.TestAPIConnectivity" name="test_base_api_accessible" time="0.004" /><testcase classname="tests.test_orders_payments_v2.TestAPIConnectivity" name="test_v2_orders_requires_auth" time="0.002" /><testcase classname="tests.test_orders_payments_v2.TestAPIConnectivity" name="test_v2_payments_requires_auth" time="0.002" /><testcase classname="tests.test_orders_payments_v2.TestOrdersV2API" name="test_get_my_orders_empty" time="0.008" /><testcase classname="tests.test_orders_payments_v2.TestOrdersV2API" name="test_create_order_requires_cart_items" time="0.005" /><testcase classname="tests.test_orders_payments_v2.TestOrdersV2API" name="test_add_product_to_cart" time="0.005" /><testcase classname="tests.test_orders_payments_v2.TestOrdersV2API" name="test_create_order_with_cash_payment" time="0.008" /><testcase classname="tests.test_orders_payments_v2.TestOrdersV2API" name="test_create_order_idempotency" time="0.014" /><testcase classname="tests.test_orders_payments_v2.TestOrdersV2API" name="test_get_order_by_id" time="0.005" /><testcase classname="tests.test_orders_payments_v2.TestOrdersV2API" name="test_get_order_not_found" time="0.002" /><testcase classname="tests.test_orders_payments_v2.TestOrdersV2API" name="test_get_allowed_transitions" time="0.005" /><testcase classname="tests.test_orders_payments_v2.TestOrderStateMachine" name="test_cancel_new_order" time="0.013" /><testcase classname="tests.test_orders_payments_v2.TestOrderStateMachine" name="test_invalid_transition_rejected" time="0.010" /><testcase classname="tests.test_orders_payments_v2.TestOrderStateMachine" name="test_valid_transition_processing" time="0.018" /><testcase classname="tests.test_orders_payments_v2.TestOrderStateMachine" name="test_cannot_cancel_shipped_order" time="0.014" /><testcase classname="tests.test_orders_payments_v2.TestPaymentsV2API" name="test_checkout_requires_order" time="0.002" /><testcase classname="tests.test_orders_payments_v2.TestPaymentsV2API" name="test_checkout_returns_502_without_fondy_config" time="0.546" /><testcase classname="tests.test_orders_payments_v2.TestPaymentsV2API" name="test_webhook_requires_signature" time="0.002" /><testcase classname="tests.test_orders_payments_v2.TestPaymentsV2API" name="test_webhook_invalid_signature" time="0.001" /><testcase classname="tests.test_orders_payments_v2.TestPaymentsV2API" name="test_get_payment_status" time="0.006" /><testcase classname="tests.test_orders_payments_v2.TestOptimisticLocking" name="test_version_increments_on_update" time="0.015" /><testcase classname="tests.test_orders_payments_v2.TestStatusHistory" name="test_status_history_logged" time="0.014" /><testcase classname="tests.test_orders_payments_v2.TestAdminEndpoints" name="test_get_all_orders_admin" time="0.011" /><testcase classname="tests.test_orders_payments_v2.TestAdminEndpoints" name="test_admin_status_update" time="0.006" /></testsuite></testsuites>